2025-12-13 00:29:17.139257 (1626716) main____ INFO    ----------------------------------------
2025-12-13 00:29:17.139281 (1626716) main____ INFO    Jasper version info
2025-12-13 00:29:17.139286 (1626716) main____ INFO      tool      : Jasper 2024.06
2025-12-13 00:29:17.139288 (1626716) main____ INFO      version   : 2024.06p002 64 bits
2025-12-13 00:29:17.139290 (1626716) main____ INFO      build date: 2024.09.02 16:28:38 UTC
2025-12-13 00:29:17.139291 (1626716) main____ INFO    ----------------------------------------
2025-12-13 00:29:17.139292 (1626716) main____ INFO    Runtime info:
2025-12-13 00:29:17.139294 (1626716) main____ INFO      platform  : Linux 4.18.0-553.89.1.el8_10.x86_64 x86_64
2025-12-13 00:29:17.139297 (1626716) main____ INFO      hostname  : micro16
2025-12-13 00:29:17.139299 (1626716) main____ INFO      pid       : 1626716
2025-12-13 00:29:17.139300 (1626716) main____ INFO      arguments : '-style' 'windows' '-fpv' 'nbody.tcl'
2025-12-13 00:29:17.139301 (1626716) main____ INFO      locale    : UTF-8
2025-12-13 00:29:17.139302 (1626716) main____ INFO    ----------------------------------------
2025-12-13 00:29:17.139303 (1626716) main____ INFO    System resource limits info:
2025-12-13 00:29:17.139305 (1626716) main____ INFO      virtual memory: unlimited
2025-12-13 00:29:17.139306 (1626716) main____ INFO      cpu time      : unlimited
2025-12-13 00:29:17.139309 (1626716) main____ INFO      processes     : 126060
2025-12-13 00:29:17.139313 (1626716) main____ INFO      stack size    : 8388608 B
2025-12-13 00:29:17.139315 (1626716) main____ INFO      core file size: 0 B
2025-12-13 00:29:17.139316 (1626716) main____ INFO      open files    : 1024
2025-12-13 00:29:17.139318 (1626716) main____ INFO      file size     : unlimited
2025-12-13 00:29:17.139319 (1626716) main____ INFO    ----------------------------------------
2025-12-13 00:29:17.139320 (1626716) main____ INFO    Memory statistics:
2025-12-13 00:29:17.139321 (1626716) main____ INFO      total physical memory  : 32333532 kB
2025-12-13 00:29:17.139322 (1626716) main____ INFO      free physical memory   : 11738884 kB
2025-12-13 00:29:17.139324 (1626716) main____ INFO      committed address space: 21774432 kB
2025-12-13 00:29:17.139325 (1626716) main____ INFO    ----------------------------------------
2025-12-13 00:29:17.139724 (1626716) main____ INFO    Important environment variables:
2025-12-13 00:29:17.139729 (1626716) main____ INFO      CDS_LIC_FILE       : '5280@bioeelincad.ee.columbia.edu'
2025-12-13 00:29:17.139731 (1626716) main____ INFO      CDS_LOAD_ENV       : 'CWD'
2025-12-13 00:29:17.139733 (1626716) main____ INFO      DISPLAY            : 'localhost:10.0'
2025-12-13 00:29:17.139734 (1626716) main____ INFO      JASPER_CPU_CHECK   : '1'
2025-12-13 00:29:17.139736 (1626716) main____ INFO      JASPER_INSTALL_DIR : '/tools/cadence/jasper_2024.06p002'
2025-12-13 00:29:17.139737 (1626716) main____ INFO      JASPER_KERNEL_CHECK: '1'
2025-12-13 00:29:17.139739 (1626716) main____ INFO      JASPER_OS_CHECK    : '1'
2025-12-13 00:29:17.139740 (1626716) main____ INFO      LANG               : 'en_US.UTF-8'
2025-12-13 00:29:17.139741 (1626716) main____ INFO      LC_ADDRESS         : 'fr_FR.UTF-8'
2025-12-13 00:29:17.139743 (1626716) main____ INFO      LC_IDENTIFICATION  : 'fr_FR.UTF-8'
2025-12-13 00:29:17.139744 (1626716) main____ INFO      LC_MEASUREMENT     : 'fr_FR.UTF-8'
2025-12-13 00:29:17.139745 (1626716) main____ INFO      LC_MONETARY        : 'fr_FR.UTF-8'
2025-12-13 00:29:17.139746 (1626716) main____ INFO      LC_NAME            : 'fr_FR.UTF-8'
2025-12-13 00:29:17.139748 (1626716) main____ INFO      LC_NUMERIC         : 'fr_FR.UTF-8'
2025-12-13 00:29:17.139749 (1626716) main____ INFO      LC_PAPER           : 'fr_FR.UTF-8'
2025-12-13 00:29:17.139750 (1626716) main____ INFO      LC_TELEPHONE       : 'fr_FR.UTF-8'
2025-12-13 00:29:17.139751 (1626716) main____ INFO      LC_TIME            : 'fr_FR.UTF-8'
2025-12-13 00:29:17.139752 (1626716) main____ INFO    ----------------------------------------
2025-12-13 00:29:17.140035 (1626716) lic_core INFO    Initializing license system ...
2025-12-13 00:29:17.147136 (1626716) lic_core INFO    ... license system initialized.
2025-12-13 00:29:17.166199 (1626716) lic__man INFO    Claim 'main' for <ui>.
2025-12-13 00:29:17.166209 (1626716) lic_core INFO    (1) checking out 'jasper_interactive' ...
2025-12-13 00:29:17.177846 (1626716) lic_core INFO    ... (1) checkout succeeded
2025-12-13 00:29:17.177859 (1626716) lic__man INFO    Claim 'fpv' for <ui>.
2025-12-13 00:29:17.177864 (1626716) lic_core INFO    (2) checking out 'jasper_fpv' ...
2025-12-13 00:29:17.181740 (1626716) lic_core INFO    ... (2) checkout failed (error: -5) ("FLEXnet ERROR(-5, 0, 0): No such feature exists.")
2025-12-13 00:29:17.181749 (1626716) lic_core INFO    (3) checking out 'jasper_fao' ...
2025-12-13 00:29:17.190203 (1626716) lic_core INFO    ... (3) checkout succeeded
2025-12-13 00:29:17.190383 (1626716) main____ INFO    Tool inactivity delay is 480000 ms.
2025-12-13 00:29:17.474952 (1626716) lic__man INFO    Claim 'fpv' for <ui>.
2025-12-13 00:29:17.628366 (1626716) lic__man INFO    Unclaim 'fpv' for <ui>.
2025-12-13 00:29:17.628380 (1626716) lic__man INFO    Claim 'fpv' for <ui>.
2025-12-13 00:29:17.670466 (1626716) session_ INFO    Starting analysis session with session id 'session_0' (launcher: <local>) ...
2025-12-13 00:29:17.671713 (1626716) session_ INFO    Analysis session with session id 'session_0' started (pid: 1626787)
2025-12-13 00:29:19.972758 (1626716) session_ INFO    Analysis session 'session_0' connected to the console (host: 127.0.0.1:43578)
2025-12-13 00:29:20.551891 (1626716) main____ INFO    Releasing console memory by request of analysis session 'session_0'.
2025-12-13 00:29:20.552069 (1626716) lic__man INFO    Unclaim everything for 'session_0'.
2025-12-13 00:29:21.192337 (1626716) lic__man INFO    Unclaim everything for 'session_0'.
2025-12-13 00:29:21.282603 (1626716) lic__man INFO    Claim 'fpv' for 'session_0'.
2025-12-13 00:29:21.282621 (1626716) lic__man INFO    Claim 'fpv' for 'session_0/prove-0'.
2025-12-13 00:29:21.867105 (1626716) lic__man INFO    Unclaim everything for 'session_0/prove-0'.
2025-12-13 00:29:52.875240 (1626716) main____ INFO    Releasing console memory by request of analysis session 'session_0'.
2025-12-13 00:29:52.875357 (1626716) lic__man INFO    Unclaim everything for 'session_0'.
2025-12-13 00:29:54.070559 (1626716) lic__man INFO    Unclaim everything for 'session_0'.
2025-12-13 00:29:54.156398 (1626716) lic__man INFO    Claim 'fpv' for 'session_0'.
2025-12-13 00:29:54.156412 (1626716) lic__man INFO    Claim 'fpv' for 'session_0/prove-0'.
2025-12-13 00:29:54.826627 (1626716) lic__man INFO    Unclaim everything for 'session_0/prove-0'.
2025-12-13 00:29:56.843116 (1626716) lic__man INFO    Claim 'fpv' for 'session_0'.
