# ----------------------------------------
# Jasper Version Info
# tool      : Jasper 2024.06
# platform  : Linux 4.18.0-553.89.1.el8_10.x86_64
# version   : 2024.06p002 64 bits
# build date: 2024.09.02 16:28:38 UTC
# ----------------------------------------
# started   : 2025-12-13 00:29:18 EST
# hostname  : micro16.(none)
# pid       : 1626787
# arguments : '-label' 'session_0' '-console' '//127.0.0.1:36641' '-style' 'windows' '-data' 'AAAAhnicY2RgYLCp////PwMYMD6A0Aw2jAyoAMRnQhUJbEChGRhYYZphSkAaOBh0GdIYChjKgGwhhjyGJIZ8hhSGSgY9hhKGZIYcsDoAPpsL4g==' '-proj' '/homes/user/stud/fall24/kdn2117/FormalVerification/n-body-sim/hardware/verification/jgproject/sessionLogs/session_0' '-init' '-hidden' '/homes/user/stud/fall24/kdn2117/FormalVerification/n-body-sim/hardware/verification/jgproject/.tmp/.initCmds.tcl' 'nbody.tcl'

Any disclosure about the Cadence Design Systems software or its use
model to any third party violates the written Non-Disclosure Agreement
between Cadence Design Systems, Inc. and the customer.

THIS SOFTWARE CONTAINS CONFIDENTIAL INFORMATION AND TRADE SECRETS OF
CADENCE DESIGN SYSTEMS, INC. USE, DISCLOSURE, OR REPRODUCTION IS
PROHIBITED WITHOUT THE PRIOR EXPRESS WRITTEN PERMISSION OF CADENCE
DESIGN SYSTEMS, INC.

Copyright (C) 2000-2024 Cadence Design Systems, Inc. All Rights
Reserved.  Unpublished -- rights reserved under the copyright laws of
the United States.

This product includes software developed by others and redistributed
according to license agreement. See doc/third_party_readme.txt for
further details.

RESTRICTED RIGHTS LEGEND

Use, duplication, or disclosure by the Government is subject to
restrictions as set forth in subparagraph (c) (1) (ii) of the Rights in
Technical Data and Computer Software clause at DFARS 252.227-7013 or
subparagraphs (c) (1) and (2) of Commercial Computer Software -- Restricted
Rights at 48 CFR 52.227-19, as applicable.


                          Cadence Design Systems, Inc.
                          2655 Seely Avenue
                          San Jose, CA 95134
                          Phone: 408.943.1234

For technical assistance visit http://support.cadence.com.

Jasper Apps Analysis Session - /homes/user/stud/fall24/kdn2117/FormalVerification/n-body-sim/hardware/verification/jgproject/sessionLogs/session_0

INFO: successfully checked out licenses "jasper_interactive" and "jasper_fao".
INFO: reading configuration file "/user/stud/fall24/kdn2117/.config/cadence/jasper.conf".
% # ----------------------------------------
% #  Copyright (c) 2017 Cadence Design Systems, Inc. All Rights
% #  Reserved.  Unpublished -- rights reserved under the copyright 
% #  laws of the United States.
% # ----------------------------------------
% clear -all
INFO (IPF121): Cleared environment completely for new design analysis.
% 
% set HOME_DIR ".."
..
% 
% # analyze -verilog
% analyze -sv \
  $HOME_DIR/nbody.sv \
  $HOME_DIR/getAccl.sv \
  $HOME_DIR/shift_register.sv \
  $HOME_DIR/display.sv \
  $HOME_DIR/Mult.v \
  $HOME_DIR/InvSqrt.v \
  $HOME_DIR/AddSub.v \
  $HOME_DIR/RAM_DISP.v \
  $HOME_DIR/RAM.v \
  $HOME_DIR/RAM2.v \

[-- (VERI-1482)] Analyzing Verilog file '/tools/cadence/jasper_2024.06p002/lib/verilog/packages/std/std.sv' into library 'std'
[-- (VERI-1482)] Analyzing Verilog file '../nbody.sv'
[-- (VERI-1482)] Analyzing Verilog file '../getAccl.sv'
[-- (VERI-1482)] Analyzing Verilog file '../shift_register.sv'
[-- (VERI-1482)] Analyzing Verilog file '../display.sv'
[-- (VERI-1482)] Analyzing Verilog file '../Mult.v'
[-- (VERI-1482)] Analyzing Verilog file '../InvSqrt.v'
[-- (VERI-1482)] Analyzing Verilog file '../AddSub.v'
[-- (VERI-1482)] Analyzing Verilog file '../RAM_DISP.v'
[-- (VERI-1482)] Analyzing Verilog file '../RAM.v'
[-- (VERI-1482)] Analyzing Verilog file '../RAM2.v'
% set blackbox_list [list "Mult" "InvSqrt" "AddSub" "RAM_DISP" "RAM" "RAM2"]
Mult InvSqrt AddSub RAM_DISP RAM RAM2
%   
% # Elaborate design and properties
% elaborate -top nbody -bbox_m "$blackbox_list"
INFO (ISW003): Top module name is "nbody".
[INFO (HIER-8002)] ../nbody.sv(496): Disabling old hierarchical reference handler
[INFO (VERI-1018)] ../display.sv(75): compiling module 'vga_counters'
[INFO (VERI-1018)] ../RAM_DISP.v(40): compiling module 'RAM_DISP'
[INFO (VERI-1018)] ../display.sv(17): compiling module 'Display'
[INFO (VERI-1018)] ../AddSub.v(8): compiling module 'AddSub'
[INFO (VERI-1018)] ../RAM2.v(40): compiling module 'RAM2'
[INFO (VERI-1018)] ../RAM.v(40): compiling module 'RAM'
[INFO (VERI-1018)] ../shift_register.sv(1): compiling module 'shift_register:(SHIFTS=50)'
[INFO (VERI-2571)] ../shift_register.sv(11): extracting RAM for identifier 'shift_reg'
[WARN (VERI-9033)] ../shift_register.sv(11): array shift_reg (size 3200) automatically BLACK-BOXED. Use the "elaborate -bbox_a" command to prevent automatic black-boxing.
[INFO (VERI-1018)] ../shift_register.sv(1): compiling module 'shift_register:(SHIFTS=46)'
[INFO (VERI-2571)] ../shift_register.sv(11): extracting RAM for identifier 'shift_reg'
[INFO (VERI-1018)] ../Mult.v(8): compiling module 'Mult'
[INFO (VERI-1018)] ../InvSqrt.v(8): compiling module 'InvSqrt'
[INFO (VERI-1018)] ../shift_register.sv(1): compiling module 'shift_register:(SHIFTS=5)'
[INFO (VERI-1018)] ../getAccl.sv(8): compiling module 'getAccl:(MultTime=5,AddTime=9,InvSqrtTime=17)'
[INFO (VERI-1018)] ../nbody.sv(31): compiling module 'nbody'
[WARN (VERI-1899)] ../nbody.sv(407): 'pos_input_1_addr' inside always_comb block does not represent combinational logic
WARNING (WNL008): Module "RAM_DISP" is blackboxed due to analyze/elaborate bbox_m or compilation configuration. All instances will be blackboxed.
WARNING (WNL008): Module "AddSub" is blackboxed due to analyze/elaborate bbox_m or compilation configuration. All instances will be blackboxed.
WARNING (WNL008): Module "RAM2" is blackboxed due to analyze/elaborate bbox_m or compilation configuration. All instances will be blackboxed.
WARNING (WNL008): Module "RAM" is blackboxed due to analyze/elaborate bbox_m or compilation configuration. All instances will be blackboxed.
WARNING (WNL008): Module "Mult" is blackboxed due to analyze/elaborate bbox_m or compilation configuration. All instances will be blackboxed.
WARNING (WNL008): Module "InvSqrt" is blackboxed due to analyze/elaborate bbox_m or compilation configuration. All instances will be blackboxed.
INFO (INL208): Elaboration synthesis summary:
  Number of synthesized netlists          13 (0 packages)
  Single run mode                         On
  Pipeline                                On (7 pipelined netlists)
  Late hierarchical reference connection  On
  Number of analyzed Verilog modules      11 (11 synthesized)
  Number of analyzed VHDL entities        0 (0 synthesized)
INFO (INL003): Clearing all state information (assumes, stopats, and so forth).
nbody
[<embedded>] % 
[<embedded>] % # Set up Clocks and Resets
[<embedded>] % clock clk 
[<embedded>] % reset rst 
INFO (IPM031): Clearing proof results of all properties.
INFO (IRS006): Current reset condition is "rst".
[<embedded>] % 
[<embedded>] % # Get design information to check general complexity
[<embedded>] % get_design_info
Statistics [for instance "nbody"]
--------------------------
# Flops:         33 (879) (0 property flop bits)
# Latches:       21 (754)
# Gates:         371 (7758)
# Nets:          637
# Ports:         16
# RTL Lines:     1139
# RTL Instances: 8
# Embedded Assumptions: 0
# Embedded Assertions:  1
# Embedded Covers:      1
1633
[<embedded>] % 
[<embedded>] % # Prove properties
[<embedded>] % prove -all
Ncustom1: Custom engine code is hT3Ng7hPPfiYQOTDZ3qhYOwGAM51eA+J/FjkM5shLioAsqhgLR4Ft+O1BuKG6ilQ83B9tLXSl+CwjiTMAQA
Bcustom2: Custom engine code is hT3Nm7hPr1Vp3Di1Ra2USNIGL4JypRnLKLAdF6JAyuavO2JfGCiY9OZJhcAcOUnLx5xwNdhILGrAWX9s+z2WDkKwNR7tAfClBEjRFVQeq6DU54boFgEA
AMcustom3: Custom engine code is hT3Ng7hP/feYQOTDZ3qhYOwGAM51eA+J/FjkM5shLioAsqhgLR4Ft+O1BuKG6ilQ83B9tLXSmmqwm7g9AQA
Mpcustom4: Custom engine code is hT3NZbhP9fmY2AbBQnsjfOxn6c+6e6yL+/e8fZFmaQrnlgEA
INFO (IPF036): Starting proof on task: "<embedded>", 2 properties to prove with 0 already proven/unreachable
INFO (IRS029): Starting reset analysis: phase 1 of 4.
INFO (IRS030): Running reset analysis: phase 2 of 4.
INFO (IRS031): Running reset analysis: phase 3 of 4.
INFO (IRS020): Starting the reset analysis simulation with a limit of 100 iterations (phase 4 of 4).
INFO (IRS024): Reset iterations 0 to 3 analyzed.
INFO (IRS018): Reset analysis simulation executed for 2 iterations. Assigned values for 737 of 879 design flops, 384 of 754 design latches, 2 of 2 internal elements.
INFO (IRS039): Reset analysis complete.
INFO (IPF031): Settings used for proof thread 0:
    orchestration                 = on
    time_limit                    = 86400s
    per_property_time_limit       = 1s * 10 ^ scan
    engine_mode                   = auto
    proofgrid_per_engine_max_jobs = 1
    max engine jobs               = auto
    proofgrid_mode                = local
    proofgrid_restarts            = 10
AMcustom5: Custom engine code is hT3N1rhP11/52HrFRS21ROp2LOjVTgPvT8L8BGXHgLhaIuqtT4nARFjUqrBL+7pLmaTOzBepZW/Jm8SSrHDybSQtoNiO3y43wk+dEoWlsZizu97Fih6O6lPVG/LpWP5SsUPwlGagLNa1FKEFvwVXyX7//8prySbvSxIHXr5er+z4RAEA
Ncustom6: Custom engine code is hT3OXrhPByJp3TrFSTLhUmMH4KVtJgmTCnNDF46yMXOKY48m4LS5nE7yBzFjA7kDuwO/GhGUpEPiky3p3wmPn3dJZHxFMsafSoObRzSC+tn7sEY0WbTdZ/FV4hL3MYH/b1CIUvXSWR4wqEoVLsmMOD4xIPT4lI1LO6ZCO7PnnWQuLwetnvKlrXx6wCW/A+x+enqslg1YPobi4wEF/EvbzOvcTYdJvl2s4H2yZg2b2ofAVN5WvhWk1HoBAA
ADcustom7: Custom engine code is hT3Nv7hPv1752HrFRa2kROx2f/ECJeZB2AZsLdlO8VwmIuqtT4nIDFXclhg+O+o+DMmQCekbheGk0kK28laA9gaOFDXsQp29J3X615HY1IPHJWd6FUFvCHjO+p1k652b5JJvZlShNpGlGSXAiQe/mEAj6tEBAA
Tricustom8: Custom engine code is hT3Nu7hPt1752DvFRa0kNDiyIV97VyejwM9C/jCLJjdPvusZONHY42VYUy0Q1ZotnhcVtNc56tJ5wbxv6V2+XpdsaSlHck5vfnbYjdwj1OECy9U+7oSQ0SZE3g5ayD+Phuh4odCJTjeKa2k4elM9ldQfkAEA
Gcustom9: Custom engine code is hT3NibhPDfeYQADBZnYcglOvK9Pfd7EOeniIqP8jNsyIqInncipMGcUXqAadachREE9F2PwhBUZUNw5kHnd4JdXkamORRgEA
C2custom10: Custom engine code is hT3NirhPjfWYQADBZnYcglOvK9Pfd7EOeniIqP8jNsyIqInncgkrYMMXCYbdK0dUjZIF9d4cJ0rHoBDjwVLBKuG86XYVV00BAA
AGcustom11: Custom engine code is hT3NirhP/fmYQADBZnYcglOvK9Pfd7EOeniIqP8jNsyIqInnckcwYMMXCYbdK0dUjZIF9d4cJ0rHoBDjwVLBKuHEZnZByh0BAA
Bcustom12: Custom engine code is hT3NjrhPDfiYQADBZnYcglOvK9PfWxFtenjIyBqfrgr7if/jL/yPOuK1BAflEcW0DxNH2eDIoezN2gxlQFg81RZtiWXh7aiTAidvAQA
Ncustom13: Custom engine code is hT3NR7hPByFp3TrFSTLhUmMH4KWtJglTyV/c51BHEeZWamnJv767nE6PCak26bd3gf3XGN3rIRheufhDieCJQVISo+gNYUKhiUedBKGtsP/a18svAnlMJZudHxDFwK5ufsyoxsIyiAeSY2oi3tEuoDHr5gw42DFKAG3PqO3CEsl8Azzdt3pl5nGA1Ifv2H02eYsFzWb/nfp8PMb3F0krE/EgBcm8TD9Div8BAA
Tricustom14: Custom engine code is hT3Nu7hP3fiYQADBZnYcglNHp9bfd7EOeniIqP/ji8sGLQu8yhsFO+wxJ+O+R0bU8g/IewXFomyos+viQnWc2xYNYmMqpo3i40O7DaZR7qfp4YqNx26KRvQ/qx0BAA
0: Using multistage preprocessing
0: Starting reduce
0: Finished reduce in 0s
0.0.PRE: Performing Proof Simplification...
0.0.N: clocks: 1, declared: 1, looping: 0, posedge: 1, negedge: 0, noedge: 0, bothedge: 0
0.0.N: Proof Simplification Iteration 1	[0.00 s]
0.0.N: Proof Simplification Iteration 2	[0.00 s]
0.0.N: Proof Simplification Iteration 3	[0.00 s]
0.0.PRE: A proof was found: No trace exists. [0.00 s]
INFO (IPF057): 0.0.PRE: The property ":noDeadEnd" was proven in 0.00 s.
    Use check_assumptions -show -dead_end to show this property in the property table.
0.0.PRE: A proof was found: No trace exists. [0.00 s]
INFO (IPF057): 0.0.PRE: The property ":noConflict" was proven in 0.00 s.
    Use check_assumptions -show to show this property in the property table.
INFO (IPF047): 0.0.PRE: The cover property ":live" was covered in 1 cycles in 0.00 s.
    Use check_assumptions -show -live to show this property in the property table.
0.0.PRE: Proof Simplification completed in 0.00 s
0: About to start ProofGrid in its own thread with a limit of 10000 pending notifications and a limit of 10 traces.
0: =============================== ProofGrid start ===============================
0: ProofGrid usable level: 2
0: Initial ProofGrid level: 1
0: ProofGrid is starting event handling
0.0.Hp: Proofgrid shell started at 1626859@micro16(local) jg_1626787_micro16_1
0.0.Hp: clocks: 1, declared: 1, looping: 0, posedge: 1, negedge: 0, noedge: 0, bothedge: 0
0.0.N: Proofgrid shell started at 1626858@micro16(local) jg_1626787_micro16_1
0.0.Hp: A proof was found: No trace exists. [0.01 s]
INFO (IPF057): 0.0.Hp: The property "nbody.a_done_must_be_in_state_rw" was proven in 0.01 s.
0.0.Hp: Trace Attempt  1	[0.01 s]
0.0.Hp: Trace Attempt  2	[0.01 s]
0.0.Hp: Trace Attempt  3	[0.01 s]
0.0.Hp: Trace Attempt  4	[0.01 s]
0.0.N: clocks: 1, declared: 1, looping: 0, posedge: 1, negedge: 0, noedge: 0, bothedge: 0
0.0.N: Last scan. Per property time limit: 0s
0.0.N: Starting proof for property "nbody.a_done_must_be_in_state_rw:precondition1"	[0.00 s].
0.0.N: Trace Attempt  1	[0.00 s]
0.0.N: Trace Attempt  2	[0.00 s]
0.0.N: Trace Attempt  3	[0.00 s]
0.0.N: Trace Attempt  3	[0.00 s]
0.0.N: Trace Attempt  4	[0.00 s]
0.0.Hp: Trace Attempt  5	[0.01 s]
0.0.N: Trace Attempt  4	[0.00 s]
0.0.N: Trace Attempt  5	[0.00 s]
0.0.N: Trace Attempt  5	[0.00 s]
0.0.N: Requesting engine job to terminate
0.0.Hp: Requesting engine job to terminate
INFO (IPF144): 0: Initiating shutdown of proof [0.03 s]
0.0.N: Trace Attempt 15	[0.02 s]
0.0.N: A trace with 15 cycles was found. [0.02 s]
INFO (IPF047): 0.0.N: The cover property "nbody.a_done_must_be_in_state_rw:precondition1" was covered in 15 cycles in 0.11 s.
0.0.N: Stopped processing property "nbody.a_done_must_be_in_state_rw:precondition1"	[0.13 s].
0.0.N: All properties determined. [0.02 s]
0.0.Hp: Interrupted (multi)
0.0.N: Exited with Success (@ 0.04 s)
0: ProofGrid usable level: 0
0.0.Hp: Trace Attempt  7	[0.02 s]
0.0.Hp: All properties determined. [0.04 s]
0.0.Bm: Proofgrid shell started at 1626893@micro16(local) jg_1626787_micro16_1
0.0.Bm: Requesting engine job to terminate
0.0.Hp: Exited with Success (@ 0.08 s)
0.0.Bm: Preventing job from starting because proof is shutting down.
0.0.Bm: Requesting engine job to terminate
0.0.Bm: Interrupted. [0.00 s]
0.0.Ht: Proofgrid shell started at 1626892@micro16(local) jg_1626787_micro16_1
0.0.Ht: Requesting engine job to terminate
0.0.Bm: Exited with Success (@ 0.09 s)
0.0.L: Proofgrid shell started at 1626896@micro16(local) jg_1626787_micro16_1
0.0.L: Requesting engine job to terminate
0.0.Ht: Preventing job from starting because proof is shutting down.
0.0.Ht: Requesting engine job to terminate
0.0.Ht: Interrupted. [0.00 s]
0.0.Ht: Exited with Success (@ 0.09 s)
0.0.L: Preventing job from starting because proof is shutting down.
0.0.L: Requesting engine job to terminate
0.0.L: Interrupted. [0.00 s]
0.0.Oh: Proofgrid shell started at 1626895@micro16(local) jg_1626787_micro16_1
0.0.Oh: Requesting engine job to terminate
0.0.L: Exited with Success (@ 0.09 s)
0.0.AM: Proofgrid shell started at 1626898@micro16(local) jg_1626787_micro16_1
0.0.AM: Requesting engine job to terminate
0.0.Oh: Preventing job from starting because proof is shutting down.
0.0.Oh: Requesting engine job to terminate
0.0.Oh: Interrupted. [0.00 s]
0.0.AM: Preventing job from starting because proof is shutting down.
0.0.AM: Requesting engine job to terminate
0.0.Oh: Exited with Success (@ 0.09 s)
0.0.AM: Interrupted. [0.00 s]
0.0.B: Proofgrid shell started at 1626897@micro16(local) jg_1626787_micro16_1
0.0.B: Requesting engine job to terminate
0.0.AM: Exited with Success (@ 0.09 s)
0.0.Mpcustom4: Proofgrid shell started at 1626894@micro16(local) jg_1626787_micro16_1
0.0.Mpcustom4: Requesting engine job to terminate
0.0.B: Preventing job from starting because proof is shutting down.
0.0.B: Requesting engine job to terminate
0.0.B: Interrupted. [0.00 s]
0.0.Mpcustom4: Preventing job from starting because proof is shutting down.
0.0.Mpcustom4: Requesting engine job to terminate
0.0.B: Exited with Success (@ 0.09 s)
0.0.Mpcustom4: Interrupted. [0.00 s]
0.0.Mpcustom4: Exited with Success (@ 0.10 s)
0: --------------------------------------------------------------
ProofGrid Summary (utilization 7.24 %)
--------------------------------------------------------------
     engines started                               :     9
     engine jobs started                           :     9

    Average time in state (seconds)
    ------------------------------------------------------
    Engine  Pending     Running        Dead    Utilization
    ------------------------------------------------------
      N        0.08        0.02        0.00       23.82 %
     Hp        0.06        0.03        0.00       33.70 %
     Ht        0.09        0.00        0.00        0.00 %
     Bm        0.08        0.00        0.00        0.00 %
    Mpcustom4        0.09        0.00        0.00        0.00 %
     Oh        0.08        0.00        0.00        0.00 %
      L        0.08        0.00        0.00        0.00 %
      B        0.08        0.00        0.00        0.00 %
     AM        0.08        0.00        0.00        0.00 %
    all        0.08        0.01        0.00        7.24 %

    Total time in state (seconds)
    -----------------------------------------
            Pending     Running        Dead  
    -----------------------------------------
               0.72        0.06        0.00

    Data read    : 10.03 kiB
    Data written : 1.22 kiB

0: All pending notifications were processed.
INFO (IPF059): 0: Completed proof on task: "<embedded>"

==============================================================
SUMMARY
==============================================================
           Properties Considered              : 2
                 assertions                   : 1
                  - proven                    : 1 (100%)
                  - bounded_proven (user)     : 0 (0%)
                  - bounded_proven (auto)     : 0 (0%)
                  - marked_proven             : 0 (0%)
                  - cex                       : 0 (0%)
                  - ar_cex                    : 0 (0%)
                  - undetermined              : 0 (0%)
                  - unknown                   : 0 (0%)
                  - error                     : 0 (0%)
                 covers                       : 1
                  - unreachable               : 0 (0%)
                  - bounded_unreachable (user): 0 (0%)
                  - covered                   : 1 (100%)
                  - ar_covered                : 0 (0%)
                  - undetermined              : 0 (0%)
                  - unknown                   : 0 (0%)
                  - error                     : 0 (0%)
determined
[<embedded>] % 
[<embedded>] % # Report proof results
[<embedded>] % report

==============================================================
    Jasper Verification Results
==============================================================
    2024.06p002 64 bits for Linux64 3.10.0-1160.21.1.el7.x86_64
    Host Name: micro16.ee.columbia.edu
    User Name: kdn2117
    Printed on: samedi, déc.13, 2025 12:29:21  EST
    Working Directory: /homes/user/stud/fall24/kdn2117/FormalVerification/n-body-sim/hardware/verification


==============================================================
RESULTS
==============================================================

-----------------------------------------------------------------------------------------------------------
       Name                                               |    Result    |  Engine  |  Bound  |  Time    
-----------------------------------------------------------------------------------------------------------

---[ <embedded> ]------------------------------------------------------------------------------------------
[1]   nbody.a_done_must_be_in_state_rw                         proven          Hp     Infinite    0.006 s      
[2]   nbody.a_done_must_be_in_state_rw:precondition1           covered         N            15    0.112 s      

==============================================================
ASSUMPTIONS
==============================================================

-------------------------------------------------------------------------------
       Name    |  Expression  |  Location     |  Status      |  Dependencies                  
-------------------------------------------------------------------------------
[<embedded>] % ls
jgproject
nbody.sh
nbody.tcl
[<embedded>] % source nbody.tcl
INFO (IPF121): Cleared environment completely for new design analysis.
[-- (VERI-1482)] Analyzing Verilog file '/tools/cadence/jasper_2024.06p002/lib/verilog/packages/std/std.sv' into library 'std'
[-- (VERI-1482)] Analyzing Verilog file '../nbody.sv'
[-- (VERI-1482)] Analyzing Verilog file '../getAccl.sv'
[-- (VERI-1482)] Analyzing Verilog file '../shift_register.sv'
[-- (VERI-1482)] Analyzing Verilog file '../display.sv'
[-- (VERI-1482)] Analyzing Verilog file '../Mult.v'
[-- (VERI-1482)] Analyzing Verilog file '../InvSqrt.v'
[-- (VERI-1482)] Analyzing Verilog file '../AddSub.v'
[-- (VERI-1482)] Analyzing Verilog file '../RAM_DISP.v'
[-- (VERI-1482)] Analyzing Verilog file '../RAM.v'
[-- (VERI-1482)] Analyzing Verilog file '../RAM2.v'
INFO (ISW003): Top module name is "nbody".
[INFO (HIER-8002)] ../nbody.sv(496): Disabling old hierarchical reference handler
[INFO (VERI-1018)] ../display.sv(75): compiling module 'vga_counters'
[INFO (VERI-1018)] ../RAM_DISP.v(40): compiling module 'RAM_DISP'
[INFO (VERI-1018)] ../display.sv(17): compiling module 'Display'
[INFO (VERI-1018)] ../AddSub.v(8): compiling module 'AddSub'
[INFO (VERI-1018)] ../RAM2.v(40): compiling module 'RAM2'
[INFO (VERI-1018)] ../RAM.v(40): compiling module 'RAM'
[INFO (VERI-1018)] ../shift_register.sv(1): compiling module 'shift_register:(SHIFTS=50)'
[INFO (VERI-2571)] ../shift_register.sv(11): extracting RAM for identifier 'shift_reg'
[WARN (VERI-9033)] ../shift_register.sv(11): array shift_reg (size 3200) automatically BLACK-BOXED. Use the "elaborate -bbox_a" command to prevent automatic black-boxing.
[INFO (VERI-1018)] ../shift_register.sv(1): compiling module 'shift_register:(SHIFTS=46)'
[INFO (VERI-2571)] ../shift_register.sv(11): extracting RAM for identifier 'shift_reg'
[INFO (VERI-1018)] ../Mult.v(8): compiling module 'Mult'
[INFO (VERI-1018)] ../InvSqrt.v(8): compiling module 'InvSqrt'
[INFO (VERI-1018)] ../shift_register.sv(1): compiling module 'shift_register:(SHIFTS=5)'
[INFO (VERI-1018)] ../getAccl.sv(8): compiling module 'getAccl:(MultTime=5,AddTime=9,InvSqrtTime=17)'
[INFO (VERI-1018)] ../nbody.sv(31): compiling module 'nbody'
[WARN (VERI-1899)] ../nbody.sv(407): 'pos_input_1_addr' inside always_comb block does not represent combinational logic
WARNING (WNL008): Module "RAM_DISP" is blackboxed due to analyze/elaborate bbox_m or compilation configuration. All instances will be blackboxed.
WARNING (WNL008): Module "AddSub" is blackboxed due to analyze/elaborate bbox_m or compilation configuration. All instances will be blackboxed.
WARNING (WNL008): Module "RAM2" is blackboxed due to analyze/elaborate bbox_m or compilation configuration. All instances will be blackboxed.
WARNING (WNL008): Module "RAM" is blackboxed due to analyze/elaborate bbox_m or compilation configuration. All instances will be blackboxed.
WARNING (WNL008): Module "Mult" is blackboxed due to analyze/elaborate bbox_m or compilation configuration. All instances will be blackboxed.
WARNING (WNL008): Module "InvSqrt" is blackboxed due to analyze/elaborate bbox_m or compilation configuration. All instances will be blackboxed.
INFO (INL208): Elaboration synthesis summary:
  Number of synthesized netlists          13 (0 packages)
  Single run mode                         On
  Pipeline                                On (7 pipelined netlists)
  Late hierarchical reference connection  On
  Number of analyzed Verilog modules      11 (11 synthesized)
  Number of analyzed VHDL entities        0 (0 synthesized)
INFO (INL003): Clearing all state information (assumes, stopats, and so forth).
INFO (IPM031): Clearing proof results of all properties.
INFO (IRS006): Current reset condition is "rst".
Statistics [for instance "nbody"]
--------------------------
# Flops:         33 (879) (0 property flop bits)
# Latches:       21 (754)
# Gates:         371 (7759)
# Nets:          637
# Ports:         16
# RTL Lines:     1139
# RTL Instances: 8
# Embedded Assumptions: 0
# Embedded Assertions:  1
# Embedded Covers:      1
INFO (IPF036): Starting proof on task: "<embedded>", 2 properties to prove with 0 already proven/unreachable
INFO (IRS029): Starting reset analysis: phase 1 of 4.
INFO (IRS030): Running reset analysis: phase 2 of 4.
INFO (IRS031): Running reset analysis: phase 3 of 4.
INFO (IRS020): Starting the reset analysis simulation with a limit of 100 iterations (phase 4 of 4).
INFO (IRS024): Reset iterations 0 to 3 analyzed.
INFO (IRS018): Reset analysis simulation executed for 2 iterations. Assigned values for 737 of 879 design flops, 384 of 754 design latches, 2 of 2 internal elements.
INFO (IRS039): Reset analysis complete.
INFO (IPF031): Settings used for proof thread 0:
    orchestration                 = on
    time_limit                    = 86400s
    per_property_time_limit       = 1s * 10 ^ scan
    engine_mode                   = auto
    proofgrid_per_engine_max_jobs = 1
    max engine jobs               = auto
    proofgrid_mode                = local
    proofgrid_restarts            = 10
0: Using multistage preprocessing
0: Starting reduce
0: Finished reduce in 0s
0.0.PRE: Performing Proof Simplification...
0.0.N: clocks: 1, declared: 1, looping: 0, posedge: 1, negedge: 0, noedge: 0, bothedge: 0
0.0.N: Proof Simplification Iteration 1	[0.00 s]
0.0.N: Proof Simplification Iteration 2	[0.00 s]
0.0.N: Proof Simplification Iteration 3	[0.00 s]
0.0.PRE: A proof was found: No trace exists. [0.00 s]
INFO (IPF057): 0.0.PRE: The property ":noDeadEnd" was proven in 0.00 s.
    Use check_assumptions -show -dead_end to show this property in the property table.
0.0.PRE: A proof was found: No trace exists. [0.00 s]
INFO (IPF057): 0.0.PRE: The property ":noConflict" was proven in 0.00 s.
    Use check_assumptions -show to show this property in the property table.
INFO (IPF047): 0.0.PRE: The cover property ":live" was covered in 1 cycles in 0.00 s.
    Use check_assumptions -show -live to show this property in the property table.
0.0.PRE: Proof Simplification completed in 0.00 s
0: About to start ProofGrid in its own thread with a limit of 10000 pending notifications and a limit of 10 traces.
0: =============================== ProofGrid start ===============================
0: ProofGrid usable level: 2
0: Initial ProofGrid level: 1
0: ProofGrid is starting event handling
0.0.N: Proofgrid shell started at 1627103@micro16(local) jg_1626787_micro16_2
0.0.Hp: Proofgrid shell started at 1627104@micro16(local) jg_1626787_micro16_2
0.0.N: clocks: 1, declared: 1, looping: 0, posedge: 1, negedge: 0, noedge: 0, bothedge: 0
0.0.N: Next scan (0) will use per property time limit: 1s * 10 ^ 0 = 1s
0.0.N: Starting proof for property "nbody.a_done_must_be_in_state_rw"	[0.00 s].
0.0.N: Trace Attempt  1	[0.00 s]
0.0.N: Trace Attempt  2	[0.00 s]
0.0.N: Trace Attempt  3	[0.00 s]
0.0.N: Trace Attempt  3	[0.00 s]
0.0.N: Trace Attempt  4	[0.00 s]
0.0.N: Trace Attempt  4	[0.00 s]
0.0.N: Trace Attempt  5	[0.00 s]
0.0.N: Trace Attempt  5	[0.00 s]
0.0.Hp: clocks: 1, declared: 1, looping: 0, posedge: 1, negedge: 0, noedge: 0, bothedge: 0
0.0.Hp: Trace Attempt  1	[0.01 s]
0.0.Hp: Trace Attempt  2	[0.01 s]
0.0.Hp: Trace Attempt  3	[0.01 s]
0.0.Hp: Trace Attempt  4	[0.01 s]
0.0.Hp: Trace Attempt  5	[0.02 s]
0.0.N: Requesting engine job to terminate
0.0.Hp: Requesting engine job to terminate
INFO (IPF144): 0: Initiating shutdown of proof [0.03 s]
0.0.N: Trace Attempt 15	[0.02 s]
0.0.N: A trace with 15 cycles was found. [0.02 s]
INFO (IPF055): 0.0.N: A counterexample (cex) with 15 cycles was found for the property "nbody.a_done_must_be_in_state_rw" in 0.20 s.
INFO (IPF047): 0.0.N: The cover property "nbody.a_done_must_be_in_state_rw:precondition1" was covered in 15 cycles in 0.20 s by the incidental trace "nbody.a_done_must_be_in_state_rw".
0.0.N: Stopped processing property "nbody.a_done_must_be_in_state_rw"	[0.23 s].
0.0.Hp: Interrupted (multi)
0.0.Hp: Trace Attempt  6	[0.02 s]
0.0.Hp: All properties determined. [0.02 s]
0.0.N: All properties determined. [0.02 s]
0.0.Ht: Proofgrid shell started at 1627135@micro16(local) jg_1626787_micro16_2
0.0.Ht: Requesting engine job to terminate
0.0.N: Exited with Success (@ 0.10 s)
0: ProofGrid usable level: 0
0.0.Hp: Exited with Success (@ 0.11 s)
0.0.Ht: Preventing job from starting because proof is shutting down.
0.0.Ht: Requesting engine job to terminate
0.0.Ht: Interrupted. [0.00 s]
0.0.Bm: Proofgrid shell started at 1627136@micro16(local) jg_1626787_micro16_2
0.0.Bm: Requesting engine job to terminate
0.0.Ht: Exited with Success (@ 0.12 s)
0.0.Bm: Preventing job from starting because proof is shutting down.
0.0.Bm: Requesting engine job to terminate
0.0.Bm: Interrupted. [0.00 s]
0.0.Bm: Exited with Success (@ 0.12 s)
0.0.L: Proofgrid shell started at 1627139@micro16(local) jg_1626787_micro16_2
0.0.L: Requesting engine job to terminate
0.0.Oh: Proofgrid shell started at 1627138@micro16(local) jg_1626787_micro16_2
0.0.Oh: Requesting engine job to terminate
0.0.AM: Proofgrid shell started at 1627141@micro16(local) jg_1626787_micro16_2
0.0.AM: Requesting engine job to terminate
0.0.L: Preventing job from starting because proof is shutting down.
0.0.L: Requesting engine job to terminate
0.0.L: Interrupted. [0.00 s]
0.0.B: Proofgrid shell started at 1627140@micro16(local) jg_1626787_micro16_2
0.0.B: Requesting engine job to terminate
0.0.Mpcustom4: Proofgrid shell started at 1627137@micro16(local) jg_1626787_micro16_2
0.0.Mpcustom4: Requesting engine job to terminate
0.0.L: Exited with Success (@ 0.13 s)
0.0.Mpcustom4: Preventing job from starting because proof is shutting down.
0.0.Mpcustom4: Requesting engine job to terminate
0.0.B: Preventing job from starting because proof is shutting down.
0.0.B: Requesting engine job to terminate
0.0.Mpcustom4: Interrupted. [0.00 s]
0.0.B: Interrupted. [0.00 s]
0.0.Mpcustom4: Exited with Success (@ 0.13 s)
0.0.Oh: Preventing job from starting because proof is shutting down.
0.0.Oh: Requesting engine job to terminate
0.0.B: Exited with Success (@ 0.13 s)
0.0.Oh: Interrupted. [0.00 s]
0.0.AM: Preventing job from starting because proof is shutting down.
0.0.AM: Requesting engine job to terminate
0.0.AM: Interrupted. [0.00 s]
0.0.Oh: Exited with Success (@ 0.14 s)
0.0.AM: Exited with Success (@ 0.14 s)
0: --------------------------------------------------------------
ProofGrid Summary (utilization 3.94 %)
--------------------------------------------------------------
     engines started                               :     9
     engine jobs started                           :     9

    Average time in state (seconds)
    ------------------------------------------------------
    Engine  Pending     Running        Dead    Utilization
    ------------------------------------------------------
      N        0.12        0.02        0.00       17.07 %
     Hp        0.10        0.02        0.00       14.31 %
     Ht        0.11        0.00        0.00        0.00 %
     Bm        0.11        0.00        0.00        0.00 %
    Mpcustom4        0.12        0.00        0.00        0.00 %
     Oh        0.12        0.00        0.00        0.00 %
      L        0.11        0.00        0.00        0.00 %
      B        0.11        0.00        0.00        0.00 %
     AM        0.11        0.00        0.00        0.00 %
    all        0.11        0.00        0.00        3.94 %

    Total time in state (seconds)
    -----------------------------------------
            Pending     Running        Dead  
    -----------------------------------------
               1.00        0.04        0.00

    Data read    : 9.51 kiB
    Data written : 924.00 B

0: All pending notifications were processed.
INFO (IPF059): 0: Completed proof on task: "<embedded>"

==============================================================
SUMMARY
==============================================================
           Properties Considered              : 2
                 assertions                   : 1
                  - proven                    : 0 (0%)
                  - bounded_proven (user)     : 0 (0%)
                  - bounded_proven (auto)     : 0 (0%)
                  - marked_proven             : 0 (0%)
                  - cex                       : 1 (100%)
                  - ar_cex                    : 0 (0%)
                  - undetermined              : 0 (0%)
                  - unknown                   : 0 (0%)
                  - error                     : 0 (0%)
                 covers                       : 1
                  - unreachable               : 0 (0%)
                  - bounded_unreachable (user): 0 (0%)
                  - covered                   : 1 (100%)
                  - ar_covered                : 0 (0%)
                  - undetermined              : 0 (0%)
                  - unknown                   : 0 (0%)
                  - error                     : 0 (0%)

==============================================================
    Jasper Verification Results
==============================================================
    2024.06p002 64 bits for Linux64 3.10.0-1160.21.1.el7.x86_64
    Host Name: micro16.ee.columbia.edu
    User Name: kdn2117
    Printed on: samedi, déc.13, 2025 12:29:54  EST
    Working Directory: /homes/user/stud/fall24/kdn2117/FormalVerification/n-body-sim/hardware/verification


==============================================================
RESULTS
==============================================================

-----------------------------------------------------------------------------------------------------------
       Name                                               |    Result    |  Engine  |  Bound  |  Time    
-----------------------------------------------------------------------------------------------------------

---[ <embedded> ]------------------------------------------------------------------------------------------
[1]   nbody.a_done_must_be_in_state_rw                         cex             N            15    0.199 s      
[2]   nbody.a_done_must_be_in_state_rw:precondition1           covered         N        7 - 15    0.199 s      

==============================================================
ASSUMPTIONS
==============================================================

-------------------------------------------------------------------------------
       Name    |  Expression  |  Location     |  Status      |  Dependencies                  
-------------------------------------------------------------------------------
[<embedded>] % visualize -violation -property <embedded>::nbody.a_done_must_be_in_state_rw -new_window
INFO (IVS015): Setting Visualize task to "<embedded>".
INFO (IVS008): Expanding analysis region to enable visualization of "<embedded>::nbody.a_done_must_be_in_state_rw".
cex
